# JRE version: Java(TM) SE Runtime Environment (8.0_101-b13) (build 1.8.0_101-b13)
# Java VM: Java HotSpot(TM) 64-Bit Server VM (25.101-b13 mixed mode bsd-amd64 compressed oops)
Heap:
 PSYoungGen      total 214528K, used 91527K [0x000000076ab00000, 0x0000000781280000, 0x00000007c0000000)
  eden space 203264K, 45% used [0x000000076ab00000,0x0000000770461d30,0x0000000777180000)
  from space 11264K, 0% used [0x0000000777180000,0x0000000777180000,0x0000000777c80000)
  to   space 10752K, 0% used [0x0000000780800000,0x0000000780800000,0x0000000781280000)
 ParOldGen       total 134144K, used 11764K [0x00000006c0000000, 0x00000006c8300000, 0x000000076ab00000)
  object space 134144K, 8% used [0x00000006c0000000,0x00000006c0b7d2e8,0x00000006c8300000)
 Metaspace       used 40232K, capacity 41932K, committed 42112K, reserved 1085440K
  class space    used 5048K, capacity 5383K, committed 5504K, reserved 1048576K
GC Heap History (10 events):
Event: 1.493 GC heap before
{Heap before GC invocations=5 (full 1):
 PSYoungGen      total 141824K, used 6760K [0x000000076ab00000, 0x0000000774000000, 0x00000007c0000000)
  eden space 131072K, 0% used [0x000000076ab00000,0x000000076ab00000,0x0000000772b00000)
  from space 10752K, 62% used [0x0000000773580000,0x0000000773c1a2c0,0x0000000774000000)
  to   space 10752K, 0% used [0x0000000772b00000,0x0000000772b00000,0x0000000773580000)
 ParOldGen       total 175104K, used 40K [0x00000006c0000000, 0x00000006cab00000, 0x000000076ab00000)
  object space 175104K, 0% used [0x00000006c0000000,0x00000006c000a000,0x00000006cab00000)
 Metaspace       used 20779K, capacity 21214K, committed 21296K, reserved 1069056K
  class space    used 2568K, capacity 2688K, committed 2688K, reserved 1048576K
Event: 1.517 GC heap after
Heap after GC invocations=5 (full 1):
 PSYoungGen      total 141824K, used 0K [0x000000076ab00000, 0x0000000774000000, 0x00000007c0000000)
  eden space 131072K, 0% used [0x000000076ab00000,0x000000076ab00000,0x0000000772b00000)
  from space 10752K, 0% used [0x0000000773580000,0x0000000773580000,0x0000000774000000)
  to   space 10752K, 0% used [0x0000000772b00000,0x0000000772b00000,0x0000000773580000)
 ParOldGen       total 97280K, used 6474K [0x00000006c0000000, 0x00000006c5f00000, 0x000000076ab00000)
  object space 97280K, 6% used [0x00000006c0000000,0x00000006c06528e0,0x00000006c5f00000)
 Metaspace       used 20777K, capacity 21208K, committed 21296K, reserved 1069056K
  class space    used 2568K, capacity 2687K, committed 2688K, reserved 1048576K
}
Event: 2.319 GC heap before
{Heap before GC invocations=6 (full 1):
 PSYoungGen      total 141824K, used 131072K [0x000000076ab00000, 0x0000000774000000, 0x00000007c0000000)
  eden space 131072K, 100% used [0x000000076ab00000,0x0000000772b00000,0x0000000772b00000)
  from space 10752K, 0% used [0x0000000773580000,0x0000000773580000,0x0000000774000000)
  to   space 10752K, 0% used [0x0000000772b00000,0x0000000772b00000,0x0000000773580000)
 ParOldGen       total 97280K, used 6474K [0x00000006c0000000, 0x00000006c5f00000, 0x000000076ab00000)
  object space 97280K, 6% used [0x00000006c0000000,0x00000006c06528e0,0x00000006c5f00000)
 Metaspace       used 28116K, capacity 28882K, committed 29056K, reserved 1075200K
  class space    used 3501K, capacity 3706K, committed 3712K, reserved 1048576K
Event: 2.327 GC heap after
Heap after GC invocations=6 (full 1):
 PSYoungGen      total 141824K, used 8804K [0x000000076ab00000, 0x0000000778680000, 0x00000007c0000000)
  eden space 131072K, 0% used [0x000000076ab00000,0x000000076ab00000,0x0000000772b00000)
  from space 10752K, 81% used [0x0000000772b00000,0x0000000773399038,0x0000000773580000)
  to   space 8704K, 0% used [0x0000000777e00000,0x0000000777e00000,0x0000000778680000)
 ParOldGen       total 97280K, used 6546K [0x00000006c0000000, 0x00000006c5f00000, 0x000000076ab00000)
  object space 97280K, 6% used [0x00000006c0000000,0x00000006c06648f0,0x00000006c5f00000)
 Metaspace       used 28116K, capacity 28882K, committed 29056K, reserved 1075200K
  class space    used 3501K, capacity 3706K, committed 3712K, reserved 1048576K
}
Event: 3.188 GC heap before
{Heap before GC invocations=7 (full 1):
 PSYoungGen      total 141824K, used 139876K [0x000000076ab00000, 0x0000000778680000, 0x00000007c0000000)
  eden space 131072K, 100% used [0x000000076ab00000,0x0000000772b00000,0x0000000772b00000)
  from space 10752K, 81% used [0x0000000772b00000,0x0000000773399038,0x0000000773580000)
  to   space 8704K, 0% used [0x0000000777e00000,0x0000000777e00000,0x0000000778680000)
 ParOldGen       total 97280K, used 6546K [0x00000006c0000000, 0x00000006c5f00000, 0x000000076ab00000)
  object space 97280K, 6% used [0x00000006c0000000,0x00000006c06648f0,0x00000006c5f00000)
 Metaspace       used 33563K, capacity 35004K, committed 35200K, reserved 1079296K
  class space    used 4185K, capacity 4459K, committed 4480K, reserved 1048576K
Event: 3.198 GC heap after
Heap after GC invocations=7 (full 1):
 PSYoungGen      total 211968K, used 8679K [0x000000076ab00000, 0x0000000778780000, 0x00000007c0000000)
  eden space 203264K, 0% used [0x000000076ab00000,0x000000076ab00000,0x0000000777180000)
  from space 8704K, 99% used [0x0000000777e00000,0x0000000778679df0,0x0000000778680000)
  to   space 11264K, 0% used [0x0000000777180000,0x0000000777180000,0x0000000777c80000)
 ParOldGen       total 97280K, used 9236K [0x00000006c0000000, 0x00000006c5f00000, 0x000000076ab00000)
  object space 97280K, 9% used [0x00000006c0000000,0x00000006c09053a0,0x00000006c5f00000)
 Metaspace       used 33563K, capacity 35004K, committed 35200K, reserved 1079296K
  class space    used 4185K, capacity 4459K, committed 4480K, reserved 1048576K
}
Event: 3.262 GC heap before
{Heap before GC invocations=8 (full 1):
 PSYoungGen      total 211968K, used 19891K [0x000000076ab00000, 0x0000000778780000, 0x00000007c0000000)
  eden space 203264K, 5% used [0x000000076ab00000,0x000000076b5f3088,0x0000000777180000)
  from space 8704K, 99% used [0x0000000777e00000,0x0000000778679df0,0x0000000778680000)
  to   space 11264K, 0% used [0x0000000777180000,0x0000000777180000,0x0000000777c80000)
 ParOldGen       total 97280K, used 9236K [0x00000006c0000000, 0x00000006c5f00000, 0x000000076ab00000)
  object space 97280K, 9% used [0x00000006c0000000,0x00000006c09053a0,0x00000006c5f00000)
 Metaspace       used 33896K, capacity 35364K, committed 35496K, reserved 1081344K
  class space    used 4235K, capacity 4505K, committed 4608K, reserved 1048576K
Event: 3.269 GC heap after
Heap after GC invocations=8 (full 1):
 PSYoungGen      total 214528K, used 7764K [0x000000076ab00000, 0x0000000781280000, 0x00000007c0000000)
  eden space 203264K, 0% used [0x000000076ab00000,0x000000076ab00000,0x0000000777180000)
  from space 11264K, 68% used [0x0000000777180000,0x0000000777915050,0x0000000777c80000)
  to   space 10752K, 0% used [0x0000000780800000,0x0000000780800000,0x0000000781280000)
 ParOldGen       total 97280K, used 9244K [0x00000006c0000000, 0x00000006c5f00000, 0x000000076ab00000)
  object space 97280K, 9% used [0x00000006c0000000,0x00000006c09073a0,0x00000006c5f00000)
 Metaspace       used 33896K, capacity 35364K, committed 35496K, reserved 1081344K
  class space    used 4235K, capacity 4505K, committed 4608K, reserved 1048576K
}
Event: 3.269 GC heap before
{Heap before GC invocations=9 (full 2):
 PSYoungGen      total 214528K, used 7764K [0x000000076ab00000, 0x0000000781280000, 0x00000007c0000000)
  eden space 203264K, 0% used [0x000000076ab00000,0x000000076ab00000,0x0000000777180000)
  from space 11264K, 68% used [0x0000000777180000,0x0000000777915050,0x0000000777c80000)
  to   space 10752K, 0% used [0x0000000780800000,0x0000000780800000,0x0000000781280000)
 ParOldGen       total 97280K, used 9244K [0x00000006c0000000, 0x00000006c5f00000, 0x000000076ab00000)
  object space 97280K, 9% used [0x00000006c0000000,0x00000006c09073a0,0x00000006c5f00000)
 Metaspace       used 33896K, capacity 35364K, committed 35496K, reserved 1081344K
  class space    used 4235K, capacity 4505K, committed 4608K, reserved 1048576K
Event: 3.307 GC heap after
Heap after GC invocations=9 (full 2):
 PSYoungGen      total 214528K, used 0K [0x000000076ab00000, 0x0000000781280000, 0x00000007c0000000)
  eden space 203264K, 0% used [0x000000076ab00000,0x000000076ab00000,0x0000000777180000)
  from space 11264K, 0% used [0x0000000777180000,0x0000000777180000,0x0000000777c80000)
  to   space 10752K, 0% used [0x0000000780800000,0x0000000780800000,0x0000000781280000)
 ParOldGen       total 134144K, used 11764K [0x00000006c0000000, 0x00000006c8300000, 0x000000076ab00000)
  object space 134144K, 8% used [0x00000006c0000000,0x00000006c0b7d2e8,0x00000006c8300000)
 Metaspace       used 33896K, capacity 35364K, committed 35496K, reserved 1081344K
  class space    used 4235K, capacity 4505K, committed 4608K, reserved 1048576K
}

